<?xml version="1.0" encoding="UTF-8"?>
<testng-results ignored="0" total="3" passed="3" failed="0" skipped="0">
  <reporter-output>
  </reporter-output>
  <suite started-at="2024-04-18T19:30:38 IST" name="Suite" finished-at="2024-04-18T19:31:03 IST" duration-ms="25311">
    <groups>
    </groups>
    <test started-at="2024-04-18T19:30:38 IST" name="Test" finished-at="2024-04-18T19:31:03 IST" duration-ms="25311">
      <class name="com.cs.pageTest.CoverSelfFormTest">
        <test-method is-config="true" signature="configBeforeClass()[pri:0, instance:com.cs.pageTest.CoverSelfFormTest@6580cfdd]" started-at="2024-04-18T19:30:38 IST" name="configBeforeClass" finished-at="2024-04-18T19:30:40 IST" duration-ms="2261" status="PASS">
          <reporter-output>
          </reporter-output>
        </test-method> <!-- configBeforeClass -->
        <test-method signature="validateNavigationToAppPage()[pri:1, instance:com.cs.pageTest.CoverSelfFormTest@6580cfdd]" started-at="2024-04-18T19:30:40 IST" name="validateNavigationToAppPage" description="1.	Validate the generate url loads." finished-at="2024-04-18T19:30:45 IST" duration-ms="4774" status="PASS">
          <reporter-output>
          </reporter-output>
        </test-method> <!-- validateNavigationToAppPage -->
        <test-method signature="ValidateSuccessfulAPIGenerate()[pri:2, instance:com.cs.pageTest.CoverSelfFormTest@6580cfdd]" started-at="2024-04-18T19:30:45 IST" name="ValidateSuccessfulAPIGenerate" description="2.	Validate that when all the fields entered, the generate api is successful." finished-at="2024-04-18T19:31:01 IST" duration-ms="16127" status="PASS">
          <reporter-output>
          </reporter-output>
        </test-method> <!-- ValidateSuccessfulAPIGenerate -->
        <test-method signature="validateGeneartedApiDataWithOutputFileSave()[pri:3, instance:com.cs.pageTest.CoverSelfFormTest@6580cfdd]" started-at="2024-04-18T19:31:01 IST" name="validateGeneartedApiDataWithOutputFileSave" description="3.	Validate if get request goes through" finished-at="2024-04-18T19:31:03 IST" duration-ms="2114" status="PASS">
          <reporter-output>
          </reporter-output>
        </test-method> <!-- validateGeneartedApiDataWithOutputFileSave -->
        <test-method is-config="true" signature="quitBrowser()[pri:0, instance:com.cs.pageTest.CoverSelfFormTest@6580cfdd]" started-at="2024-04-18T19:31:03 IST" name="quitBrowser" finished-at="2024-04-18T19:31:03 IST" duration-ms="1" status="PASS">
          <reporter-output>
          </reporter-output>
        </test-method> <!-- quitBrowser -->
      </class> <!-- com.cs.pageTest.CoverSelfFormTest -->
    </test> <!-- Test -->
  </suite> <!-- Suite -->
</testng-results>
