<?xml version="1.0" encoding="UTF-8"?>
<!-- Generated by org.testng.reporters.JUnitXMLReporter -->
<testsuite ignored="0" hostname="Apples-MacBook-Pro.local" failures="0" tests="3" name="Default test" time="24.778" errors="0" timestamp="2024-04-18T17:26:04 IST">
  <testcase classname="com.cs.pageTest.CoverSelfFormTest" name="validateNavigationToAppPage" time="3.53"/>
  <testcase classname="com.cs.pageTest.CoverSelfFormTest" name="ValidateSuccessfulAPIGenerate" time="16.695"/>
  <testcase classname="com.cs.pageTest.CoverSelfFormTest" name="validateGeneartedApiDataWithOutputFileSave" time="2.187"/>
</testsuite> <!-- Default test -->
