<?xml version="1.0" encoding="UTF-8"?>
<!-- Generated by org.testng.reporters.JUnitXMLReporter -->
<testsuite ignored="0" hostname="Apples-MacBook-Pro.local" failures="0" tests="3" name="Test" time="25.311" errors="0" timestamp="2024-04-18T19:31:03 IST">
  <testcase classname="com.cs.pageTest.CoverSelfFormTest" name="validateNavigationToAppPage" time="4.774"/>
  <testcase classname="com.cs.pageTest.CoverSelfFormTest" name="ValidateSuccessfulAPIGenerate" time="16.127"/>
  <testcase classname="com.cs.pageTest.CoverSelfFormTest" name="validateGeneartedApiDataWithOutputFileSave" time="2.114"/>
</testsuite> <!-- Test -->
